<?xml version="1.0" encoding="UTF-8"?>
<!-- Generated by org.testng.reporters.JUnitReportReporter -->
<testsuite hostname="DESKTOP-JG974FK" failures="0" tests="1" name="TestCases.TC002_LoginTest" time="4.637" errors="0" timestamp="2025-02-02T13:57:32 IST" skipped="0">
  <testcase classname="TestCases.TC002_LoginTest" name="verify_login" time="4.637"/>
  <system-out/>
</testsuite> <!-- TestCases.TC002_LoginTest -->
