<?xml version="1.0" encoding="UTF-8"?>
<!-- Generated by org.testng.reporters.JUnitReportReporter -->
<testsuite hostname="DESKTOP-JG974FK" failures="0" tests="1" name="TestCases.TC001_AccountRegistrationTest" time="7.660" errors="0" timestamp="2025-02-02T13:57:32 IST" skipped="0">
  <testcase classname="TestCases.TC001_AccountRegistrationTest" name="verfy_account_registration" time="7.660"/>
  <system-out/>
</testsuite> <!-- TestCases.TC001_AccountRegistrationTest -->
