<?xml version="1.0" encoding="UTF-8"?>
<!-- Generated by org.testng.reporters.JUnitReportReporter -->
<testsuite hostname="DESKTOP-JG974FK" failures="0" tests="1" name="TestCases.TC002_LoginTest" time="4.951" errors="0" timestamp="2025-02-02T14:24:13 IST" skipped="0">
  <testcase classname="TestCases.TC002_LoginTest" name="verify_login" time="4.951"/>
</testsuite> <!-- TestCases.TC002_LoginTest -->
