<?xml version="1.0" encoding="UTF-8"?>
<!-- Generated by org.testng.reporters.JUnitReportReporter -->
<testsuite hostname="DESKTOP-JG974FK" failures="0" tests="1" name="TestCases.TC001_AccountRegistrationTest" time="6.407" errors="0" timestamp="2025-02-02T06:36:05 IST" skipped="0">
  <testcase classname="TestCases.TC001_AccountRegistrationTest" name="verfy_account_registration" time="6.407"/>
</testsuite> <!-- TestCases.TC001_AccountRegistrationTest -->
